2021-04-28 13:20:33 TRACE CrewMemberFactory - creation of CrewMember object
2021-04-28 13:20:33 TRACE CrewMemberFactory - creation of CrewMember object was completed
2021-04-28 13:20:33 TRACE CrewMemberFactory - creation of CrewMember object
2021-04-28 13:20:33 TRACE CrewMemberFactory - creation of CrewMember object was completed
2021-04-28 13:20:33 TRACE CrewMemberFactory - creation of CrewMember object
2021-04-28 13:20:33 TRACE CrewMemberFactory - creation of CrewMember object was completed
2021-04-28 13:20:33 TRACE CrewMemberFactory - creation of CrewMember object
2021-04-28 13:20:33 TRACE CrewMemberFactory - creation of CrewMember object was completed
2021-04-28 13:20:33 TRACE CrewMemberFactory - creation of CrewMember object
2021-04-28 13:20:33 TRACE CrewMemberFactory - creation of CrewMember object was completed
2021-04-28 13:20:33 TRACE CrewMemberFactory - creation of CrewMember object
2021-04-28 13:20:33 TRACE CrewMemberFactory - creation of CrewMember object was completed
2021-04-28 13:20:33 TRACE CrewMemberFactory - creation of CrewMember object
2021-04-28 13:20:33 TRACE CrewMemberFactory - creation of CrewMember object was completed
2021-04-28 13:20:33 TRACE CrewMemberFactory - creation of CrewMember object
2021-04-28 13:20:33 TRACE CrewMemberFactory - creation of CrewMember object was completed
2021-04-28 13:20:33 TRACE CrewMemberFactory - creation of CrewMember object
2021-04-28 13:20:33 TRACE CrewMemberFactory - creation of CrewMember object was completed
2021-04-28 13:20:33 TRACE CrewMemberFactory - creation of CrewMember object
2021-04-28 13:20:33 TRACE CrewMemberFactory - creation of CrewMember object was completed
2021-04-28 13:20:33 TRACE CrewMemberFactory - creation of CrewMember object
2021-04-28 13:20:33 TRACE CrewMemberFactory - creation of CrewMember object was completed
2021-04-28 13:20:33 TRACE CrewMemberFactory - creation of CrewMember object
2021-04-28 13:20:33 TRACE CrewMemberFactory - creation of CrewMember object was completed
2021-04-28 13:20:33 TRACE CrewMemberFactory - creation of CrewMember object
2021-04-28 13:20:33 TRACE CrewMemberFactory - creation of CrewMember object was completed
2021-04-28 13:20:33 TRACE CrewMemberFactory - creation of CrewMember object
2021-04-28 13:20:33 TRACE CrewMemberFactory - creation of CrewMember object was completed
2021-04-28 13:20:33 TRACE CrewMemberFactory - creation of CrewMember object
2021-04-28 13:20:33 TRACE CrewMemberFactory - creation of CrewMember object was completed
2021-04-28 13:20:33 TRACE CrewMemberFactory - creation of CrewMember object
2021-04-28 13:20:33 TRACE CrewMemberFactory - creation of CrewMember object was completed
2021-04-28 13:20:33 TRACE CrewMemberFactory - creation of CrewMember object
2021-04-28 13:20:33 TRACE CrewMemberFactory - creation of CrewMember object was completed
2021-04-28 13:20:33 TRACE CrewMemberFactory - creation of CrewMember object
2021-04-28 13:20:33 TRACE CrewMemberFactory - creation of CrewMember object was completed
2021-04-28 13:20:33 TRACE CrewMemberFactory - creation of CrewMember object
2021-04-28 13:20:33 TRACE CrewMemberFactory - creation of CrewMember object was completed
2021-04-28 13:20:33 TRACE CrewMemberFactory - creation of CrewMember object
2021-04-28 13:20:33 TRACE CrewMemberFactory - creation of CrewMember object was completed
2021-04-28 13:20:33 TRACE CrewMemberFactory - creation of CrewMember object
2021-04-28 13:20:33 TRACE CrewMemberFactory - creation of CrewMember object was completed
2021-04-28 13:20:33 TRACE CrewMemberFactory - creation of CrewMember object
2021-04-28 13:20:33 TRACE CrewMemberFactory - creation of CrewMember object was completed
2021-04-28 13:20:33 TRACE CrewMemberFactory - creation of CrewMember object
2021-04-28 13:20:33 TRACE CrewMemberFactory - creation of CrewMember object was completed
2021-04-28 13:20:33 TRACE CrewMemberFactory - creation of CrewMember object
2021-04-28 13:20:33 TRACE CrewMemberFactory - creation of CrewMember object was completed
2021-04-28 13:20:33 TRACE CrewMemberFactory - creation of CrewMember object
2021-04-28 13:20:33 TRACE CrewMemberFactory - creation of CrewMember object was completed
2021-04-28 13:20:33 TRACE CrewMemberFactory - creation of CrewMember object
2021-04-28 13:20:33 TRACE CrewMemberFactory - creation of CrewMember object was completed
2021-04-28 13:20:33 TRACE CrewMemberFactory - creation of CrewMember object
2021-04-28 13:20:33 TRACE CrewMemberFactory - creation of CrewMember object was completed
2021-04-28 13:20:33 TRACE CrewMemberFactory - creation of CrewMember object
2021-04-28 13:20:33 TRACE CrewMemberFactory - creation of CrewMember object was completed
2021-04-28 13:20:33 TRACE CrewMemberFactory - creation of CrewMember object
2021-04-28 13:20:33 TRACE CrewMemberFactory - creation of CrewMember object was completed
2021-04-28 13:20:33 TRACE CrewMemberFactory - creation of CrewMember object
2021-04-28 13:20:33 TRACE CrewMemberFactory - creation of CrewMember object was completed
2021-04-28 13:20:33 TRACE CrewMemberFactory - creation of CrewMember object
2021-04-28 13:20:33 TRACE CrewMemberFactory - creation of CrewMember object was completed
2021-04-28 13:20:33 TRACE CrewMemberFactory - creation of CrewMember object
2021-04-28 13:20:33 TRACE CrewMemberFactory - creation of CrewMember object was completed
2021-04-28 13:20:33 TRACE CrewMemberFactory - creation of CrewMember object
2021-04-28 13:20:33 TRACE CrewMemberFactory - creation of CrewMember object was completed
2021-04-28 13:20:33 TRACE CrewMemberFactory - creation of CrewMember object
2021-04-28 13:20:33 TRACE CrewMemberFactory - creation of CrewMember object was completed
2021-04-28 13:20:33 TRACE CrewMemberFactory - creation of CrewMember object
2021-04-28 13:20:33 TRACE CrewMemberFactory - creation of CrewMember object was completed
2021-04-28 13:20:33 TRACE CrewMemberFactory - creation of CrewMember object
2021-04-28 13:20:33 TRACE CrewMemberFactory - creation of CrewMember object was completed
2021-04-28 13:20:33 TRACE CrewMemberFactory - creation of CrewMember object
2021-04-28 13:20:33 TRACE CrewMemberFactory - creation of CrewMember object was completed
2021-04-28 13:20:33 TRACE CrewMemberFactory - creation of CrewMember object
2021-04-28 13:20:33 TRACE CrewMemberFactory - creation of CrewMember object was completed
2021-04-28 13:20:33 TRACE CrewMemberFactory - creation of CrewMember object
2021-04-28 13:20:33 TRACE CrewMemberFactory - creation of CrewMember object was completed
2021-04-28 13:20:33 TRACE CrewMemberFactory - creation of CrewMember object
2021-04-28 13:20:33 TRACE CrewMemberFactory - creation of CrewMember object was completed
2021-04-28 13:20:33 TRACE CrewMemberFactory - creation of CrewMember object
2021-04-28 13:20:33 TRACE CrewMemberFactory - creation of CrewMember object was completed
2021-04-28 13:20:33 TRACE CrewMemberFactory - creation of CrewMember object
2021-04-28 13:20:33 TRACE CrewMemberFactory - creation of CrewMember object was completed
2021-04-28 13:20:33 TRACE CrewMemberFactory - creation of CrewMember object
2021-04-28 13:20:33 TRACE CrewMemberFactory - creation of CrewMember object was completed
2021-04-28 13:20:33 TRACE CrewMemberFactory - creation of CrewMember object
2021-04-28 13:20:33 TRACE CrewMemberFactory - creation of CrewMember object was completed
2021-04-28 13:20:33 TRACE CrewMemberFactory - creation of CrewMember object
2021-04-28 13:20:33 TRACE CrewMemberFactory - creation of CrewMember object was completed
2021-04-28 13:20:33 TRACE CrewMemberFactory - creation of CrewMember object
2021-04-28 13:20:33 TRACE CrewMemberFactory - creation of CrewMember object was completed
2021-04-28 13:20:33 TRACE CrewMemberFactory - creation of CrewMember object
2021-04-28 13:20:33 TRACE CrewMemberFactory - creation of CrewMember object was completed
2021-04-28 13:20:33 TRACE CrewMemberFactory - creation of CrewMember object
2021-04-28 13:20:33 TRACE CrewMemberFactory - creation of CrewMember object was completed
2021-04-28 13:20:33 TRACE CrewMemberFactory - creation of CrewMember object
2021-04-28 13:20:33 TRACE CrewMemberFactory - creation of CrewMember object was completed
2021-04-28 13:20:33 TRACE CrewMemberFactory - creation of CrewMember object
2021-04-28 13:20:33 TRACE CrewMemberFactory - creation of CrewMember object was completed
2021-04-28 13:20:33 TRACE CrewMemberFactory - creation of CrewMember object
2021-04-28 13:20:33 TRACE CrewMemberFactory - creation of CrewMember object was completed
2021-04-28 13:20:33 TRACE CrewMemberFactory - creation of CrewMember object
2021-04-28 13:20:33 TRACE CrewMemberFactory - creation of CrewMember object was completed
2021-04-28 13:20:33 TRACE CrewMemberFactory - creation of CrewMember object
2021-04-28 13:20:33 TRACE CrewMemberFactory - creation of CrewMember object was completed
2021-04-28 13:20:33 TRACE CrewMemberFactory - creation of CrewMember object
2021-04-28 13:20:33 TRACE CrewMemberFactory - creation of CrewMember object was completed
2021-04-28 13:20:33 TRACE CrewMemberFactory - creation of CrewMember object
2021-04-28 13:20:33 TRACE CrewMemberFactory - creation of CrewMember object was completed
2021-04-28 13:20:33 TRACE CrewMemberFactory - creation of CrewMember object
2021-04-28 13:20:33 TRACE CrewMemberFactory - creation of CrewMember object was completed
2021-04-28 13:20:33 TRACE CrewMemberFactory - creation of CrewMember object
2021-04-28 13:20:33 TRACE CrewMemberFactory - creation of CrewMember object was completed
2021-04-28 13:20:33 TRACE CrewMemberFactory - creation of CrewMember object
2021-04-28 13:20:33 TRACE CrewMemberFactory - creation of CrewMember object was completed
2021-04-28 13:20:33 TRACE CrewMemberFactory - creation of CrewMember object
2021-04-28 13:20:33 TRACE CrewMemberFactory - creation of CrewMember object was completed
2021-04-28 13:20:33 TRACE CrewMemberFactory - creation of CrewMember object
2021-04-28 13:20:33 TRACE CrewMemberFactory - creation of CrewMember object was completed
2021-04-28 13:20:33 TRACE CrewMemberFactory - creation of CrewMember object
2021-04-28 13:20:33 TRACE CrewMemberFactory - creation of CrewMember object was completed
2021-04-28 13:20:33 TRACE CrewMemberFactory - creation of CrewMember object
2021-04-28 13:20:33 TRACE CrewMemberFactory - creation of CrewMember object was completed
2021-04-28 13:20:33 TRACE CrewMemberFactory - creation of CrewMember object
2021-04-28 13:20:33 TRACE CrewMemberFactory - creation of CrewMember object was completed
2021-04-28 13:20:33 TRACE CrewMemberFactory - creation of CrewMember object
2021-04-28 13:20:33 TRACE CrewMemberFactory - creation of CrewMember object was completed
2021-04-28 13:20:33 TRACE CrewMemberFactory - creation of CrewMember object
2021-04-28 13:20:33 TRACE CrewMemberFactory - creation of CrewMember object was completed
2021-04-28 13:20:33 TRACE CrewMemberFactory - creation of CrewMember object
2021-04-28 13:20:33 TRACE CrewMemberFactory - creation of CrewMember object was completed
2021-04-28 13:20:33 TRACE CrewMemberFactory - creation of CrewMember object
2021-04-28 13:20:33 TRACE CrewMemberFactory - creation of CrewMember object was completed
2021-04-28 13:20:33 TRACE CrewMemberFactory - creation of CrewMember object
2021-04-28 13:20:33 TRACE CrewMemberFactory - creation of CrewMember object was completed
2021-04-28 13:20:33 TRACE CrewMemberFactory - creation of CrewMember object
2021-04-28 13:20:33 TRACE CrewMemberFactory - creation of CrewMember object was completed
2021-04-28 13:20:33 TRACE CrewMemberFactory - creation of CrewMember object
2021-04-28 13:20:33 TRACE CrewMemberFactory - creation of CrewMember object was completed
2021-04-28 13:20:33 TRACE CrewMemberFactory - creation of CrewMember object
2021-04-28 13:20:33 TRACE CrewMemberFactory - creation of CrewMember object was completed
2021-04-28 13:20:33 TRACE CrewMemberFactory - creation of CrewMember object
2021-04-28 13:20:33 TRACE CrewMemberFactory - creation of CrewMember object was completed
2021-04-28 13:20:33 TRACE CrewMemberFactory - creation of CrewMember object
2021-04-28 13:20:33 TRACE CrewMemberFactory - creation of CrewMember object was completed
2021-04-28 13:20:33 TRACE CrewMemberFactory - creation of CrewMember object
2021-04-28 13:20:33 TRACE CrewMemberFactory - creation of CrewMember object was completed
2021-04-28 13:20:33 TRACE CrewMemberFactory - creation of CrewMember object
2021-04-28 13:20:33 TRACE CrewMemberFactory - creation of CrewMember object was completed
2021-04-28 13:20:33 TRACE CrewMemberFactory - creation of CrewMember object
2021-04-28 13:20:33 TRACE CrewMemberFactory - creation of CrewMember object was completed
2021-04-28 13:20:33 TRACE CrewMemberFactory - creation of CrewMember object
2021-04-28 13:20:33 TRACE CrewMemberFactory - creation of CrewMember object was completed
2021-04-28 13:20:33 TRACE CrewMemberFactory - creation of CrewMember object
2021-04-28 13:20:33 TRACE CrewMemberFactory - creation of CrewMember object was completed
2021-04-28 13:20:33 TRACE CrewMemberFactory - creation of CrewMember object
2021-04-28 13:20:33 TRACE CrewMemberFactory - creation of CrewMember object was completed
2021-04-28 13:20:33 TRACE CrewMemberFactory - creation of CrewMember object
2021-04-28 13:20:33 TRACE CrewMemberFactory - creation of CrewMember object was completed
2021-04-28 13:20:33 TRACE CrewMemberFactory - creation of CrewMember object
2021-04-28 13:20:33 TRACE CrewMemberFactory - creation of CrewMember object was completed
2021-04-28 13:20:33 TRACE CrewMemberFactory - creation of CrewMember object
2021-04-28 13:20:33 TRACE CrewMemberFactory - creation of CrewMember object was completed
2021-04-28 13:20:33 TRACE CrewMemberFactory - creation of CrewMember object
2021-04-28 13:20:33 TRACE CrewMemberFactory - creation of CrewMember object was completed
2021-04-28 13:20:33 TRACE CrewMemberFactory - creation of CrewMember object
2021-04-28 13:20:33 TRACE CrewMemberFactory - creation of CrewMember object was completed
2021-04-28 13:20:33 TRACE CrewMemberFactory - creation of CrewMember object
2021-04-28 13:20:33 TRACE CrewMemberFactory - creation of CrewMember object was completed
2021-04-28 13:20:33 TRACE CrewMemberFactory - creation of CrewMember object
2021-04-28 13:20:33 TRACE CrewMemberFactory - creation of CrewMember object was completed
2021-04-28 13:20:33 TRACE CrewMemberFactory - creation of CrewMember object
2021-04-28 13:20:33 TRACE CrewMemberFactory - creation of CrewMember object was completed
2021-04-28 13:20:33 TRACE CrewMemberFactory - creation of CrewMember object
2021-04-28 13:20:33 TRACE CrewMemberFactory - creation of CrewMember object was completed
2021-04-28 13:20:33 TRACE CrewMemberFactory - creation of CrewMember object
2021-04-28 13:20:33 TRACE CrewMemberFactory - creation of CrewMember object was completed
2021-04-28 13:20:33 TRACE CrewMemberFactory - creation of CrewMember object
2021-04-28 13:20:33 TRACE CrewMemberFactory - creation of CrewMember object was completed
2021-04-28 13:20:33 TRACE CrewMemberFactory - creation of CrewMember object
2021-04-28 13:20:33 TRACE CrewMemberFactory - creation of CrewMember object was completed
2021-04-28 13:20:33 TRACE CrewMemberFactory - creation of CrewMember object
2021-04-28 13:20:33 TRACE CrewMemberFactory - creation of CrewMember object was completed
2021-04-28 13:20:33 TRACE CrewMemberFactory - creation of CrewMember object
2021-04-28 13:20:33 TRACE CrewMemberFactory - creation of CrewMember object was completed
2021-04-28 13:20:33 TRACE CrewMemberFactory - creation of CrewMember object
2021-04-28 13:20:33 TRACE CrewMemberFactory - creation of CrewMember object was completed
2021-04-28 13:20:33 TRACE CrewMemberFactory - creation of CrewMember object
2021-04-28 13:20:33 TRACE CrewMemberFactory - creation of CrewMember object was completed
2021-04-28 13:20:33 TRACE CrewMemberFactory - creation of CrewMember object
2021-04-28 13:20:33 TRACE CrewMemberFactory - creation of CrewMember object was completed
2021-04-28 13:20:33 TRACE CrewMemberFactory - creation of CrewMember object
2021-04-28 13:20:33 TRACE CrewMemberFactory - creation of CrewMember object was completed
2021-04-28 13:20:33 TRACE CrewMemberFactory - creation of CrewMember object
2021-04-28 13:20:33 TRACE CrewMemberFactory - creation of CrewMember object was completed
2021-04-28 13:20:33 TRACE CrewMemberFactory - creation of CrewMember object
2021-04-28 13:20:33 TRACE CrewMemberFactory - creation of CrewMember object was completed
2021-04-28 13:20:33 TRACE CrewMemberFactory - creation of CrewMember object
2021-04-28 13:20:33 TRACE CrewMemberFactory - creation of CrewMember object was completed
2021-04-28 13:20:33 TRACE SpaceshipFactory - Creation of Spaceship object
2021-04-28 13:20:33 TRACE SpaceshipFactory - Creation was completed
2021-04-28 13:20:33 TRACE SpaceshipFactory - Creation of Spaceship object
2021-04-28 13:20:33 TRACE SpaceshipFactory - Creation was completed
2021-04-28 13:20:33 TRACE SpaceshipFactory - Creation of Spaceship object
2021-04-28 13:20:33 TRACE SpaceshipFactory - Creation was completed
2021-04-28 13:20:33 TRACE SpaceshipFactory - Creation of Spaceship object
2021-04-28 13:20:33 TRACE SpaceshipFactory - Creation was completed
2021-04-28 13:20:33 TRACE SpaceshipFactory - Creation of Spaceship object
2021-04-28 13:20:33 TRACE SpaceshipFactory - Creation was completed
2021-04-28 13:20:33 TRACE SpaceshipFactory - Creation of Spaceship object
2021-04-28 13:20:33 TRACE SpaceshipFactory - Creation was completed
2021-04-28 13:20:33 TRACE SpaceshipFactory - Creation of Spaceship object
2021-04-28 13:20:33 TRACE SpaceshipFactory - Creation was completed
2021-04-28 13:20:33 TRACE SpaceshipFactory - Creation of Spaceship object
2021-04-28 13:20:33 TRACE SpaceshipFactory - Creation was completed
2021-04-28 13:20:33 TRACE SpaceshipFactory - Creation of Spaceship object
2021-04-28 13:20:33 TRACE SpaceshipFactory - Creation was completed
2021-04-28 13:20:33 TRACE SpaceshipFactory - Creation of Spaceship object
2021-04-28 13:20:33 TRACE SpaceshipFactory - Creation was completed
2021-04-28 13:20:33 TRACE SpaceshipFactory - Creation of Spaceship object
2021-04-28 13:20:33 TRACE SpaceshipFactory - Creation was completed
2021-04-28 13:20:33 TRACE SpaceshipFactory - Creation of Spaceship object
2021-04-28 13:20:33 TRACE SpaceshipFactory - Creation was completed
2021-04-28 13:20:33 TRACE SpaceshipFactory - Creation of Spaceship object
2021-04-28 13:20:33 TRACE SpaceshipFactory - Creation was completed
2021-04-28 13:20:33 TRACE SpaceshipFactory - Creation of Spaceship object
2021-04-28 13:20:33 TRACE SpaceshipFactory - Creation was completed
2021-04-28 13:20:33 TRACE SpaceshipFactory - Creation of Spaceship object
2021-04-28 13:20:33 TRACE SpaceshipFactory - Creation was completed
2021-04-28 13:20:33 TRACE SpaceshipFactory - Creation of Spaceship object
2021-04-28 13:20:33 TRACE SpaceshipFactory - Creation was completed
2021-04-28 13:20:33 TRACE SpaceshipFactory - Creation of Spaceship object
2021-04-28 13:20:33 TRACE SpaceshipFactory - Creation was completed
2021-04-28 13:20:33 TRACE SpaceshipFactory - Creation of Spaceship object
2021-04-28 13:20:33 TRACE SpaceshipFactory - Creation was completed
2021-04-28 13:20:33 TRACE SpaceshipFactory - Creation of Spaceship object
2021-04-28 13:20:33 TRACE SpaceshipFactory - Creation was completed
2021-04-28 13:20:33 TRACE SpaceshipFactory - Creation of Spaceship object
2021-04-28 13:20:33 TRACE SpaceshipFactory - Creation was completed
2021-04-28 13:20:33 TRACE SpaceshipFactory - Creation of Spaceship object
2021-04-28 13:20:33 TRACE SpaceshipFactory - Creation was completed
2021-04-28 13:20:33 TRACE SpaceshipFactory - Creation of Spaceship object
2021-04-28 13:20:33 TRACE SpaceshipFactory - Creation was completed
2021-04-28 13:20:33 TRACE SpaceshipFactory - Creation of Spaceship object
2021-04-28 13:20:33 TRACE SpaceshipFactory - Creation was completed
2021-04-28 13:20:33 TRACE SpaceshipFactory - Creation of Spaceship object
2021-04-28 13:20:33 TRACE SpaceshipFactory - Creation was completed
2021-04-28 13:20:33 TRACE SpaceshipFactory - Creation of Spaceship object
2021-04-28 13:20:33 TRACE SpaceshipFactory - Creation was completed
2021-04-28 13:20:33 TRACE SpaceshipFactory - Creation of Spaceship object
2021-04-28 13:20:33 TRACE SpaceshipFactory - Creation was completed
2021-04-28 13:20:33 TRACE SpaceshipFactory - Creation of Spaceship object
2021-04-28 13:20:33 TRACE SpaceshipFactory - Creation was completed
2021-04-28 13:20:33 TRACE SpaceshipFactory - Creation of Spaceship object
2021-04-28 13:20:33 TRACE SpaceshipFactory - Creation was completed
2021-04-28 13:20:33 TRACE SpaceshipFactory - Creation of Spaceship object
2021-04-28 13:20:33 TRACE SpaceshipFactory - Creation was completed
2021-04-28 13:20:33 TRACE SpaceshipFactory - Creation of Spaceship object
2021-04-28 13:20:33 TRACE SpaceshipFactory - Creation was completed
2021-04-28 13:20:33 TRACE PlanetFactory - Creation of Planet objects
2021-04-28 13:20:33 TRACE PlanetFactory - creation was completed
2021-04-28 13:20:33 TRACE PlanetFactory - Creation of Planet objects
2021-04-28 13:20:33 TRACE PlanetFactory - creation was completed
2021-04-28 13:20:33 TRACE PlanetFactory - Creation of Planet objects
2021-04-28 13:20:33 TRACE PlanetFactory - creation was completed
2021-04-28 13:20:33 TRACE PlanetFactory - Creation of Planet objects
2021-04-28 13:20:33 TRACE PlanetFactory - creation was completed
2021-04-28 13:20:33 TRACE PlanetFactory - Creation of Planet objects
2021-04-28 13:20:33 TRACE PlanetFactory - creation was completed
2021-04-28 13:20:33 TRACE PlanetFactory - Creation of Planet objects
2021-04-28 13:20:33 TRACE PlanetFactory - creation was completed
2021-04-28 13:20:33 TRACE PlanetFactory - Creation of Planet objects
2021-04-28 13:20:33 TRACE PlanetFactory - creation was completed
2021-04-28 13:20:33 TRACE PlanetFactory - Creation of Planet objects
2021-04-28 13:20:33 TRACE PlanetFactory - creation was completed
2021-04-28 13:20:33 TRACE PlanetFactory - Creation of Planet objects
2021-04-28 13:20:33 TRACE PlanetFactory - creation was completed
2021-04-28 13:20:33 TRACE PlanetFactory - Creation of Planet objects
2021-04-28 13:20:33 TRACE PlanetFactory - creation was completed
2021-04-28 13:20:33 TRACE PlanetFactory - Creation of Planet objects
2021-04-28 13:20:33 TRACE PlanetFactory - creation was completed
2021-04-28 13:20:33 TRACE PlanetFactory - Creation of Planet objects
2021-04-28 13:20:33 TRACE PlanetFactory - creation was completed
2021-04-28 13:20:33 TRACE PlanetFactory - Creation of Planet objects
2021-04-28 13:20:33 TRACE PlanetFactory - creation was completed
2021-04-28 13:20:33 TRACE PlanetFactory - Creation of Planet objects
2021-04-28 13:20:33 TRACE PlanetFactory - creation was completed
2021-04-28 13:20:33 TRACE PlanetFactory - Creation of Planet objects
2021-04-28 13:20:33 TRACE PlanetFactory - creation was completed
2021-04-28 13:20:33 TRACE PlanetFactory - Creation of Planet objects
2021-04-28 13:20:33 TRACE PlanetFactory - creation was completed
2021-04-28 13:20:33 TRACE PlanetFactory - Creation of Planet objects
2021-04-28 13:20:33 TRACE PlanetFactory - creation was completed
2021-04-28 13:20:33 TRACE PlanetFactory - Creation of Planet objects
2021-04-28 13:20:33 TRACE PlanetFactory - creation was completed
2021-04-28 13:20:33 TRACE PlanetFactory - Creation of Planet objects
2021-04-28 13:20:33 TRACE PlanetFactory - creation was completed
2021-04-28 13:20:33 TRACE PlanetFactory - Creation of Planet objects
2021-04-28 13:20:33 TRACE PlanetFactory - creation was completed
2021-04-28 13:20:33 TRACE PlanetFactory - Creation of Planet objects
2021-04-28 13:20:33 TRACE PlanetFactory - creation was completed
2021-04-28 13:20:33 TRACE PlanetFactory - Creation of Planet objects
2021-04-28 13:20:33 TRACE PlanetFactory - creation was completed
2021-04-28 13:20:33 TRACE PlanetFactory - Creation of Planet objects
2021-04-28 13:20:33 TRACE PlanetFactory - creation was completed
2021-04-28 13:20:33 TRACE PlanetFactory - Creation of Planet objects
2021-04-28 13:20:33 TRACE PlanetFactory - creation was completed
2021-04-28 13:20:33 TRACE PlanetFactory - Creation of Planet objects
2021-04-28 13:20:33 TRACE PlanetFactory - creation was completed
2021-04-28 13:20:33 TRACE PlanetFactory - Creation of Planet objects
2021-04-28 13:20:33 TRACE PlanetFactory - creation was completed
2021-04-28 13:20:33 TRACE PlanetFactory - Creation of Planet objects
2021-04-28 13:20:33 TRACE PlanetFactory - creation was completed
2021-04-28 13:20:33 TRACE PlanetFactory - Creation of Planet objects
2021-04-28 13:20:33 TRACE PlanetFactory - creation was completed
2021-04-28 13:20:33 TRACE PlanetFactory - Creation of Planet objects
2021-04-28 13:20:33 TRACE PlanetFactory - creation was completed
2021-04-28 13:20:33 TRACE PlanetFactory - Creation of Planet objects
2021-04-28 13:20:33 TRACE PlanetFactory - creation was completed
2021-04-28 13:20:33 TRACE PlanetFactory - Creation of Planet objects
2021-04-28 13:20:33 TRACE PlanetFactory - creation was completed
2021-04-28 13:20:33 TRACE PlanetFactory - Creation of Planet objects
2021-04-28 13:20:33 TRACE PlanetFactory - creation was completed
2021-04-28 13:20:33 TRACE PlanetFactory - Creation of Planet objects
2021-04-28 13:20:33 TRACE PlanetFactory - creation was completed
2021-04-28 13:20:50 TRACE FlightMissionFactory - creation of FlightMission object 
2021-04-28 13:20:50 TRACE FlightMissionFactory - creation was completed
2021-04-28 13:20:50 TRACE FlightMissionFactory - creation of FlightMission object 
2021-04-28 13:20:50 TRACE FlightMissionFactory - creation was completed
2021-04-28 13:20:50 TRACE FlightMissionFactory - creation of FlightMission object 
2021-04-28 13:20:50 TRACE FlightMissionFactory - creation was completed
2021-04-28 13:24:28 TRACE CrewMemberFactory - creation of CrewMember object
2021-04-28 13:24:28 TRACE CrewMemberFactory - creation of CrewMember object was completed
2021-04-28 13:24:28 TRACE CrewMemberFactory - creation of CrewMember object
2021-04-28 13:24:28 TRACE CrewMemberFactory - creation of CrewMember object was completed
2021-04-28 13:24:28 TRACE CrewMemberFactory - creation of CrewMember object
2021-04-28 13:24:28 TRACE CrewMemberFactory - creation of CrewMember object was completed
2021-04-28 13:24:28 TRACE CrewMemberFactory - creation of CrewMember object
2021-04-28 13:24:28 TRACE CrewMemberFactory - creation of CrewMember object was completed
2021-04-28 13:24:28 TRACE CrewMemberFactory - creation of CrewMember object
2021-04-28 13:24:28 TRACE CrewMemberFactory - creation of CrewMember object was completed
2021-04-28 13:24:28 TRACE CrewMemberFactory - creation of CrewMember object
2021-04-28 13:24:28 TRACE CrewMemberFactory - creation of CrewMember object was completed
2021-04-28 13:24:28 TRACE CrewMemberFactory - creation of CrewMember object
2021-04-28 13:24:28 TRACE CrewMemberFactory - creation of CrewMember object was completed
2021-04-28 13:24:28 TRACE CrewMemberFactory - creation of CrewMember object
2021-04-28 13:24:28 TRACE CrewMemberFactory - creation of CrewMember object was completed
2021-04-28 13:24:28 TRACE CrewMemberFactory - creation of CrewMember object
2021-04-28 13:24:28 TRACE CrewMemberFactory - creation of CrewMember object was completed
2021-04-28 13:24:28 TRACE CrewMemberFactory - creation of CrewMember object
2021-04-28 13:24:28 TRACE CrewMemberFactory - creation of CrewMember object was completed
2021-04-28 13:24:28 TRACE CrewMemberFactory - creation of CrewMember object
2021-04-28 13:24:28 TRACE CrewMemberFactory - creation of CrewMember object was completed
2021-04-28 13:24:28 TRACE CrewMemberFactory - creation of CrewMember object
2021-04-28 13:24:28 TRACE CrewMemberFactory - creation of CrewMember object was completed
2021-04-28 13:24:28 TRACE CrewMemberFactory - creation of CrewMember object
2021-04-28 13:24:28 TRACE CrewMemberFactory - creation of CrewMember object was completed
2021-04-28 13:24:28 TRACE CrewMemberFactory - creation of CrewMember object
2021-04-28 13:24:28 TRACE CrewMemberFactory - creation of CrewMember object was completed
2021-04-28 13:24:28 TRACE CrewMemberFactory - creation of CrewMember object
2021-04-28 13:24:28 TRACE CrewMemberFactory - creation of CrewMember object was completed
2021-04-28 13:24:28 TRACE CrewMemberFactory - creation of CrewMember object
2021-04-28 13:24:28 TRACE CrewMemberFactory - creation of CrewMember object was completed
2021-04-28 13:24:28 TRACE CrewMemberFactory - creation of CrewMember object
2021-04-28 13:24:28 TRACE CrewMemberFactory - creation of CrewMember object was completed
2021-04-28 13:24:28 TRACE CrewMemberFactory - creation of CrewMember object
2021-04-28 13:24:28 TRACE CrewMemberFactory - creation of CrewMember object was completed
2021-04-28 13:24:28 TRACE CrewMemberFactory - creation of CrewMember object
2021-04-28 13:24:28 TRACE CrewMemberFactory - creation of CrewMember object was completed
2021-04-28 13:24:28 TRACE CrewMemberFactory - creation of CrewMember object
2021-04-28 13:24:28 TRACE CrewMemberFactory - creation of CrewMember object was completed
2021-04-28 13:24:28 TRACE CrewMemberFactory - creation of CrewMember object
2021-04-28 13:24:28 TRACE CrewMemberFactory - creation of CrewMember object was completed
2021-04-28 13:24:28 TRACE CrewMemberFactory - creation of CrewMember object
2021-04-28 13:24:28 TRACE CrewMemberFactory - creation of CrewMember object was completed
2021-04-28 13:24:28 TRACE CrewMemberFactory - creation of CrewMember object
2021-04-28 13:24:28 TRACE CrewMemberFactory - creation of CrewMember object was completed
2021-04-28 13:24:28 TRACE CrewMemberFactory - creation of CrewMember object
2021-04-28 13:24:28 TRACE CrewMemberFactory - creation of CrewMember object was completed
2021-04-28 13:24:28 TRACE CrewMemberFactory - creation of CrewMember object
2021-04-28 13:24:28 TRACE CrewMemberFactory - creation of CrewMember object was completed
2021-04-28 13:24:28 TRACE CrewMemberFactory - creation of CrewMember object
2021-04-28 13:24:28 TRACE CrewMemberFactory - creation of CrewMember object was completed
2021-04-28 13:24:28 TRACE CrewMemberFactory - creation of CrewMember object
2021-04-28 13:24:28 TRACE CrewMemberFactory - creation of CrewMember object was completed
2021-04-28 13:24:28 TRACE CrewMemberFactory - creation of CrewMember object
2021-04-28 13:24:28 TRACE CrewMemberFactory - creation of CrewMember object was completed
2021-04-28 13:24:28 TRACE CrewMemberFactory - creation of CrewMember object
2021-04-28 13:24:28 TRACE CrewMemberFactory - creation of CrewMember object was completed
2021-04-28 13:24:28 TRACE CrewMemberFactory - creation of CrewMember object
2021-04-28 13:24:28 TRACE CrewMemberFactory - creation of CrewMember object was completed
2021-04-28 13:24:28 TRACE CrewMemberFactory - creation of CrewMember object
2021-04-28 13:24:28 TRACE CrewMemberFactory - creation of CrewMember object was completed
2021-04-28 13:24:28 TRACE CrewMemberFactory - creation of CrewMember object
2021-04-28 13:24:28 TRACE CrewMemberFactory - creation of CrewMember object was completed
2021-04-28 13:24:28 TRACE CrewMemberFactory - creation of CrewMember object
2021-04-28 13:24:28 TRACE CrewMemberFactory - creation of CrewMember object was completed
2021-04-28 13:24:28 TRACE CrewMemberFactory - creation of CrewMember object
2021-04-28 13:24:28 TRACE CrewMemberFactory - creation of CrewMember object was completed
2021-04-28 13:24:28 TRACE CrewMemberFactory - creation of CrewMember object
2021-04-28 13:24:28 TRACE CrewMemberFactory - creation of CrewMember object was completed
2021-04-28 13:24:28 TRACE CrewMemberFactory - creation of CrewMember object
2021-04-28 13:24:28 TRACE CrewMemberFactory - creation of CrewMember object was completed
2021-04-28 13:24:28 TRACE CrewMemberFactory - creation of CrewMember object
2021-04-28 13:24:28 TRACE CrewMemberFactory - creation of CrewMember object was completed
2021-04-28 13:24:28 TRACE CrewMemberFactory - creation of CrewMember object
2021-04-28 13:24:28 TRACE CrewMemberFactory - creation of CrewMember object was completed
2021-04-28 13:24:28 TRACE CrewMemberFactory - creation of CrewMember object
2021-04-28 13:24:28 TRACE CrewMemberFactory - creation of CrewMember object was completed
2021-04-28 13:24:28 TRACE CrewMemberFactory - creation of CrewMember object
2021-04-28 13:24:28 TRACE CrewMemberFactory - creation of CrewMember object was completed
2021-04-28 13:24:28 TRACE CrewMemberFactory - creation of CrewMember object
2021-04-28 13:24:28 TRACE CrewMemberFactory - creation of CrewMember object was completed
2021-04-28 13:24:28 TRACE CrewMemberFactory - creation of CrewMember object
2021-04-28 13:24:28 TRACE CrewMemberFactory - creation of CrewMember object was completed
2021-04-28 13:24:28 TRACE CrewMemberFactory - creation of CrewMember object
2021-04-28 13:24:28 TRACE CrewMemberFactory - creation of CrewMember object was completed
2021-04-28 13:24:28 TRACE CrewMemberFactory - creation of CrewMember object
2021-04-28 13:24:28 TRACE CrewMemberFactory - creation of CrewMember object was completed
2021-04-28 13:24:28 TRACE CrewMemberFactory - creation of CrewMember object
2021-04-28 13:24:28 TRACE CrewMemberFactory - creation of CrewMember object was completed
2021-04-28 13:24:28 TRACE CrewMemberFactory - creation of CrewMember object
2021-04-28 13:24:28 TRACE CrewMemberFactory - creation of CrewMember object was completed
2021-04-28 13:24:28 TRACE CrewMemberFactory - creation of CrewMember object
2021-04-28 13:24:28 TRACE CrewMemberFactory - creation of CrewMember object was completed
2021-04-28 13:24:28 TRACE CrewMemberFactory - creation of CrewMember object
2021-04-28 13:24:28 TRACE CrewMemberFactory - creation of CrewMember object was completed
2021-04-28 13:24:28 TRACE CrewMemberFactory - creation of CrewMember object
2021-04-28 13:24:28 TRACE CrewMemberFactory - creation of CrewMember object was completed
2021-04-28 13:24:28 TRACE CrewMemberFactory - creation of CrewMember object
2021-04-28 13:24:28 TRACE CrewMemberFactory - creation of CrewMember object was completed
2021-04-28 13:24:28 TRACE CrewMemberFactory - creation of CrewMember object
2021-04-28 13:24:28 TRACE CrewMemberFactory - creation of CrewMember object was completed
2021-04-28 13:24:28 TRACE CrewMemberFactory - creation of CrewMember object
2021-04-28 13:24:28 TRACE CrewMemberFactory - creation of CrewMember object was completed
2021-04-28 13:24:28 TRACE CrewMemberFactory - creation of CrewMember object
2021-04-28 13:24:28 TRACE CrewMemberFactory - creation of CrewMember object was completed
2021-04-28 13:24:28 TRACE CrewMemberFactory - creation of CrewMember object
2021-04-28 13:24:28 TRACE CrewMemberFactory - creation of CrewMember object was completed
2021-04-28 13:24:28 TRACE CrewMemberFactory - creation of CrewMember object
2021-04-28 13:24:28 TRACE CrewMemberFactory - creation of CrewMember object was completed
2021-04-28 13:24:28 TRACE CrewMemberFactory - creation of CrewMember object
2021-04-28 13:24:28 TRACE CrewMemberFactory - creation of CrewMember object was completed
2021-04-28 13:24:28 TRACE CrewMemberFactory - creation of CrewMember object
2021-04-28 13:24:28 TRACE CrewMemberFactory - creation of CrewMember object was completed
2021-04-28 13:24:28 TRACE CrewMemberFactory - creation of CrewMember object
2021-04-28 13:24:28 TRACE CrewMemberFactory - creation of CrewMember object was completed
2021-04-28 13:24:28 TRACE CrewMemberFactory - creation of CrewMember object
2021-04-28 13:24:29 TRACE CrewMemberFactory - creation of CrewMember object was completed
2021-04-28 13:24:29 TRACE CrewMemberFactory - creation of CrewMember object
2021-04-28 13:24:29 TRACE CrewMemberFactory - creation of CrewMember object was completed
2021-04-28 13:24:29 TRACE CrewMemberFactory - creation of CrewMember object
2021-04-28 13:24:29 TRACE CrewMemberFactory - creation of CrewMember object was completed
2021-04-28 13:24:29 TRACE CrewMemberFactory - creation of CrewMember object
2021-04-28 13:24:29 TRACE CrewMemberFactory - creation of CrewMember object was completed
2021-04-28 13:24:29 TRACE CrewMemberFactory - creation of CrewMember object
2021-04-28 13:24:29 TRACE CrewMemberFactory - creation of CrewMember object was completed
2021-04-28 13:24:29 TRACE CrewMemberFactory - creation of CrewMember object
2021-04-28 13:24:29 TRACE CrewMemberFactory - creation of CrewMember object was completed
2021-04-28 13:24:29 TRACE CrewMemberFactory - creation of CrewMember object
2021-04-28 13:24:29 TRACE CrewMemberFactory - creation of CrewMember object was completed
2021-04-28 13:24:29 TRACE CrewMemberFactory - creation of CrewMember object
2021-04-28 13:24:29 TRACE CrewMemberFactory - creation of CrewMember object was completed
2021-04-28 13:24:29 TRACE CrewMemberFactory - creation of CrewMember object
2021-04-28 13:24:29 TRACE CrewMemberFactory - creation of CrewMember object was completed
2021-04-28 13:24:29 TRACE CrewMemberFactory - creation of CrewMember object
2021-04-28 13:24:29 TRACE CrewMemberFactory - creation of CrewMember object was completed
2021-04-28 13:24:29 TRACE CrewMemberFactory - creation of CrewMember object
2021-04-28 13:24:29 TRACE CrewMemberFactory - creation of CrewMember object was completed
2021-04-28 13:24:29 TRACE CrewMemberFactory - creation of CrewMember object
2021-04-28 13:24:29 TRACE CrewMemberFactory - creation of CrewMember object was completed
2021-04-28 13:24:29 TRACE CrewMemberFactory - creation of CrewMember object
2021-04-28 13:24:29 TRACE CrewMemberFactory - creation of CrewMember object was completed
2021-04-28 13:24:29 TRACE CrewMemberFactory - creation of CrewMember object
2021-04-28 13:24:29 TRACE CrewMemberFactory - creation of CrewMember object was completed
2021-04-28 13:24:29 TRACE CrewMemberFactory - creation of CrewMember object
2021-04-28 13:24:29 TRACE CrewMemberFactory - creation of CrewMember object was completed
2021-04-28 13:24:29 TRACE CrewMemberFactory - creation of CrewMember object
2021-04-28 13:24:29 TRACE CrewMemberFactory - creation of CrewMember object was completed
2021-04-28 13:24:29 TRACE CrewMemberFactory - creation of CrewMember object
2021-04-28 13:24:29 TRACE CrewMemberFactory - creation of CrewMember object was completed
2021-04-28 13:24:29 TRACE CrewMemberFactory - creation of CrewMember object
2021-04-28 13:24:29 TRACE CrewMemberFactory - creation of CrewMember object was completed
2021-04-28 13:24:29 TRACE CrewMemberFactory - creation of CrewMember object
2021-04-28 13:24:29 TRACE CrewMemberFactory - creation of CrewMember object was completed
2021-04-28 13:24:29 TRACE CrewMemberFactory - creation of CrewMember object
2021-04-28 13:24:29 TRACE CrewMemberFactory - creation of CrewMember object was completed
2021-04-28 13:24:29 TRACE CrewMemberFactory - creation of CrewMember object
2021-04-28 13:24:29 TRACE CrewMemberFactory - creation of CrewMember object was completed
2021-04-28 13:24:29 TRACE CrewMemberFactory - creation of CrewMember object
2021-04-28 13:24:29 TRACE CrewMemberFactory - creation of CrewMember object was completed
2021-04-28 13:24:29 TRACE CrewMemberFactory - creation of CrewMember object
2021-04-28 13:24:29 TRACE CrewMemberFactory - creation of CrewMember object was completed
2021-04-28 13:24:29 TRACE CrewMemberFactory - creation of CrewMember object
2021-04-28 13:24:29 TRACE CrewMemberFactory - creation of CrewMember object was completed
2021-04-28 13:24:29 TRACE CrewMemberFactory - creation of CrewMember object
2021-04-28 13:24:29 TRACE CrewMemberFactory - creation of CrewMember object was completed
2021-04-28 13:24:29 TRACE CrewMemberFactory - creation of CrewMember object
2021-04-28 13:24:29 TRACE CrewMemberFactory - creation of CrewMember object was completed
2021-04-28 13:24:29 TRACE CrewMemberFactory - creation of CrewMember object
2021-04-28 13:24:29 TRACE CrewMemberFactory - creation of CrewMember object was completed
2021-04-28 13:24:29 TRACE CrewMemberFactory - creation of CrewMember object
2021-04-28 13:24:29 TRACE CrewMemberFactory - creation of CrewMember object was completed
2021-04-28 13:24:29 TRACE CrewMemberFactory - creation of CrewMember object
2021-04-28 13:24:29 TRACE CrewMemberFactory - creation of CrewMember object was completed
2021-04-28 13:24:29 TRACE CrewMemberFactory - creation of CrewMember object
2021-04-28 13:24:29 TRACE CrewMemberFactory - creation of CrewMember object was completed
2021-04-28 13:24:29 TRACE CrewMemberFactory - creation of CrewMember object
2021-04-28 13:24:29 TRACE CrewMemberFactory - creation of CrewMember object was completed
2021-04-28 13:24:29 TRACE CrewMemberFactory - creation of CrewMember object
2021-04-28 13:24:29 TRACE CrewMemberFactory - creation of CrewMember object was completed
2021-04-28 13:24:29 TRACE CrewMemberFactory - creation of CrewMember object
2021-04-28 13:24:29 TRACE CrewMemberFactory - creation of CrewMember object was completed
2021-04-28 13:24:29 TRACE CrewMemberFactory - creation of CrewMember object
2021-04-28 13:24:29 TRACE CrewMemberFactory - creation of CrewMember object was completed
2021-04-28 13:24:29 TRACE CrewMemberFactory - creation of CrewMember object
2021-04-28 13:24:29 TRACE CrewMemberFactory - creation of CrewMember object was completed
2021-04-28 13:24:29 TRACE CrewMemberFactory - creation of CrewMember object
2021-04-28 13:24:29 TRACE CrewMemberFactory - creation of CrewMember object was completed
2021-04-28 13:24:29 TRACE CrewMemberFactory - creation of CrewMember object
2021-04-28 13:24:29 TRACE CrewMemberFactory - creation of CrewMember object was completed
2021-04-28 13:24:29 TRACE CrewMemberFactory - creation of CrewMember object
2021-04-28 13:24:29 TRACE CrewMemberFactory - creation of CrewMember object was completed
2021-04-28 13:24:29 TRACE CrewMemberFactory - creation of CrewMember object
2021-04-28 13:24:29 TRACE CrewMemberFactory - creation of CrewMember object was completed
2021-04-28 13:24:29 TRACE CrewMemberFactory - creation of CrewMember object
2021-04-28 13:24:29 TRACE CrewMemberFactory - creation of CrewMember object was completed
2021-04-28 13:24:29 TRACE CrewMemberFactory - creation of CrewMember object
2021-04-28 13:24:29 TRACE CrewMemberFactory - creation of CrewMember object was completed
2021-04-28 13:24:29 TRACE CrewMemberFactory - creation of CrewMember object
2021-04-28 13:24:29 TRACE CrewMemberFactory - creation of CrewMember object was completed
2021-04-28 13:24:29 TRACE SpaceshipFactory - Creation of Spaceship object
2021-04-28 13:24:29 TRACE SpaceshipFactory - Creation was completed
2021-04-28 13:24:29 TRACE SpaceshipFactory - Creation of Spaceship object
2021-04-28 13:24:29 TRACE SpaceshipFactory - Creation was completed
2021-04-28 13:24:29 TRACE SpaceshipFactory - Creation of Spaceship object
2021-04-28 13:24:29 TRACE SpaceshipFactory - Creation was completed
2021-04-28 13:24:29 TRACE SpaceshipFactory - Creation of Spaceship object
2021-04-28 13:24:29 TRACE SpaceshipFactory - Creation was completed
2021-04-28 13:24:29 TRACE SpaceshipFactory - Creation of Spaceship object
2021-04-28 13:24:29 TRACE SpaceshipFactory - Creation was completed
2021-04-28 13:24:29 TRACE SpaceshipFactory - Creation of Spaceship object
2021-04-28 13:24:29 TRACE SpaceshipFactory - Creation was completed
2021-04-28 13:24:29 TRACE SpaceshipFactory - Creation of Spaceship object
2021-04-28 13:24:29 TRACE SpaceshipFactory - Creation was completed
2021-04-28 13:24:29 TRACE SpaceshipFactory - Creation of Spaceship object
2021-04-28 13:24:29 TRACE SpaceshipFactory - Creation was completed
2021-04-28 13:24:29 TRACE SpaceshipFactory - Creation of Spaceship object
2021-04-28 13:24:29 TRACE SpaceshipFactory - Creation was completed
2021-04-28 13:24:29 TRACE SpaceshipFactory - Creation of Spaceship object
2021-04-28 13:24:29 TRACE SpaceshipFactory - Creation was completed
2021-04-28 13:24:29 TRACE SpaceshipFactory - Creation of Spaceship object
2021-04-28 13:24:29 TRACE SpaceshipFactory - Creation was completed
2021-04-28 13:24:29 TRACE SpaceshipFactory - Creation of Spaceship object
2021-04-28 13:24:29 TRACE SpaceshipFactory - Creation was completed
2021-04-28 13:24:29 TRACE SpaceshipFactory - Creation of Spaceship object
2021-04-28 13:24:29 TRACE SpaceshipFactory - Creation was completed
2021-04-28 13:24:29 TRACE SpaceshipFactory - Creation of Spaceship object
2021-04-28 13:24:29 TRACE SpaceshipFactory - Creation was completed
2021-04-28 13:24:29 TRACE SpaceshipFactory - Creation of Spaceship object
2021-04-28 13:24:29 TRACE SpaceshipFactory - Creation was completed
2021-04-28 13:24:29 TRACE SpaceshipFactory - Creation of Spaceship object
2021-04-28 13:24:29 TRACE SpaceshipFactory - Creation was completed
2021-04-28 13:24:29 TRACE SpaceshipFactory - Creation of Spaceship object
2021-04-28 13:24:29 TRACE SpaceshipFactory - Creation was completed
2021-04-28 13:24:29 TRACE SpaceshipFactory - Creation of Spaceship object
2021-04-28 13:24:29 TRACE SpaceshipFactory - Creation was completed
2021-04-28 13:24:29 TRACE SpaceshipFactory - Creation of Spaceship object
2021-04-28 13:24:29 TRACE SpaceshipFactory - Creation was completed
2021-04-28 13:24:29 TRACE SpaceshipFactory - Creation of Spaceship object
2021-04-28 13:24:29 TRACE SpaceshipFactory - Creation was completed
2021-04-28 13:24:29 TRACE SpaceshipFactory - Creation of Spaceship object
2021-04-28 13:24:29 TRACE SpaceshipFactory - Creation was completed
2021-04-28 13:24:29 TRACE SpaceshipFactory - Creation of Spaceship object
2021-04-28 13:24:29 TRACE SpaceshipFactory - Creation was completed
2021-04-28 13:24:29 TRACE SpaceshipFactory - Creation of Spaceship object
2021-04-28 13:24:29 TRACE SpaceshipFactory - Creation was completed
2021-04-28 13:24:29 TRACE SpaceshipFactory - Creation of Spaceship object
2021-04-28 13:24:29 TRACE SpaceshipFactory - Creation was completed
2021-04-28 13:24:29 TRACE SpaceshipFactory - Creation of Spaceship object
2021-04-28 13:24:29 TRACE SpaceshipFactory - Creation was completed
2021-04-28 13:24:29 TRACE SpaceshipFactory - Creation of Spaceship object
2021-04-28 13:24:29 TRACE SpaceshipFactory - Creation was completed
2021-04-28 13:24:29 TRACE SpaceshipFactory - Creation of Spaceship object
2021-04-28 13:24:29 TRACE SpaceshipFactory - Creation was completed
2021-04-28 13:24:29 TRACE SpaceshipFactory - Creation of Spaceship object
2021-04-28 13:24:29 TRACE SpaceshipFactory - Creation was completed
2021-04-28 13:24:29 TRACE SpaceshipFactory - Creation of Spaceship object
2021-04-28 13:24:29 TRACE SpaceshipFactory - Creation was completed
2021-04-28 13:24:29 TRACE SpaceshipFactory - Creation of Spaceship object
2021-04-28 13:24:29 TRACE SpaceshipFactory - Creation was completed
2021-04-28 13:24:29 TRACE PlanetFactory - Creation of Planet objects
2021-04-28 13:24:29 TRACE PlanetFactory - creation was completed
2021-04-28 13:24:29 TRACE PlanetFactory - Creation of Planet objects
2021-04-28 13:24:29 TRACE PlanetFactory - creation was completed
2021-04-28 13:24:29 TRACE PlanetFactory - Creation of Planet objects
2021-04-28 13:24:29 TRACE PlanetFactory - creation was completed
2021-04-28 13:24:29 TRACE PlanetFactory - Creation of Planet objects
2021-04-28 13:24:29 TRACE PlanetFactory - creation was completed
2021-04-28 13:24:29 TRACE PlanetFactory - Creation of Planet objects
2021-04-28 13:24:29 TRACE PlanetFactory - creation was completed
2021-04-28 13:24:29 TRACE PlanetFactory - Creation of Planet objects
2021-04-28 13:24:29 TRACE PlanetFactory - creation was completed
2021-04-28 13:24:29 TRACE PlanetFactory - Creation of Planet objects
2021-04-28 13:24:29 TRACE PlanetFactory - creation was completed
2021-04-28 13:24:29 TRACE PlanetFactory - Creation of Planet objects
2021-04-28 13:24:29 TRACE PlanetFactory - creation was completed
2021-04-28 13:24:29 TRACE PlanetFactory - Creation of Planet objects
2021-04-28 13:24:29 TRACE PlanetFactory - creation was completed
2021-04-28 13:24:29 TRACE PlanetFactory - Creation of Planet objects
2021-04-28 13:24:29 TRACE PlanetFactory - creation was completed
2021-04-28 13:24:29 TRACE PlanetFactory - Creation of Planet objects
2021-04-28 13:24:29 TRACE PlanetFactory - creation was completed
2021-04-28 13:24:29 TRACE PlanetFactory - Creation of Planet objects
2021-04-28 13:24:29 TRACE PlanetFactory - creation was completed
2021-04-28 13:24:29 TRACE PlanetFactory - Creation of Planet objects
2021-04-28 13:24:29 TRACE PlanetFactory - creation was completed
2021-04-28 13:24:29 TRACE PlanetFactory - Creation of Planet objects
2021-04-28 13:24:29 TRACE PlanetFactory - creation was completed
2021-04-28 13:24:29 TRACE PlanetFactory - Creation of Planet objects
2021-04-28 13:24:29 TRACE PlanetFactory - creation was completed
2021-04-28 13:24:29 TRACE PlanetFactory - Creation of Planet objects
2021-04-28 13:24:29 TRACE PlanetFactory - creation was completed
2021-04-28 13:24:29 TRACE PlanetFactory - Creation of Planet objects
2021-04-28 13:24:29 TRACE PlanetFactory - creation was completed
2021-04-28 13:24:29 TRACE PlanetFactory - Creation of Planet objects
2021-04-28 13:24:29 TRACE PlanetFactory - creation was completed
2021-04-28 13:24:29 TRACE PlanetFactory - Creation of Planet objects
2021-04-28 13:24:29 TRACE PlanetFactory - creation was completed
2021-04-28 13:24:29 TRACE PlanetFactory - Creation of Planet objects
2021-04-28 13:24:29 TRACE PlanetFactory - creation was completed
2021-04-28 13:24:29 TRACE PlanetFactory - Creation of Planet objects
2021-04-28 13:24:29 TRACE PlanetFactory - creation was completed
2021-04-28 13:24:29 TRACE PlanetFactory - Creation of Planet objects
2021-04-28 13:24:29 TRACE PlanetFactory - creation was completed
2021-04-28 13:24:29 TRACE PlanetFactory - Creation of Planet objects
2021-04-28 13:24:29 TRACE PlanetFactory - creation was completed
2021-04-28 13:24:29 TRACE PlanetFactory - Creation of Planet objects
2021-04-28 13:24:29 TRACE PlanetFactory - creation was completed
2021-04-28 13:24:29 TRACE PlanetFactory - Creation of Planet objects
2021-04-28 13:24:29 TRACE PlanetFactory - creation was completed
2021-04-28 13:24:29 TRACE PlanetFactory - Creation of Planet objects
2021-04-28 13:24:29 TRACE PlanetFactory - creation was completed
2021-04-28 13:24:29 TRACE PlanetFactory - Creation of Planet objects
2021-04-28 13:24:29 TRACE PlanetFactory - creation was completed
2021-04-28 13:24:29 TRACE PlanetFactory - Creation of Planet objects
2021-04-28 13:24:29 TRACE PlanetFactory - creation was completed
2021-04-28 13:24:29 TRACE PlanetFactory - Creation of Planet objects
2021-04-28 13:24:29 TRACE PlanetFactory - creation was completed
2021-04-28 13:24:29 TRACE PlanetFactory - Creation of Planet objects
2021-04-28 13:24:29 TRACE PlanetFactory - creation was completed
2021-04-28 13:24:29 TRACE PlanetFactory - Creation of Planet objects
2021-04-28 13:24:29 TRACE PlanetFactory - creation was completed
2021-04-28 13:24:29 TRACE PlanetFactory - Creation of Planet objects
2021-04-28 13:24:29 TRACE PlanetFactory - creation was completed
2021-04-28 13:24:29 TRACE PlanetFactory - Creation of Planet objects
2021-04-28 13:24:29 TRACE PlanetFactory - creation was completed
2021-04-28 13:24:41 TRACE FlightMissionFactory - creation of FlightMission object 
2021-04-28 13:24:41 TRACE FlightMissionFactory - creation was completed
2021-04-28 13:24:41 TRACE FlightMissionFactory - creation of FlightMission object 
2021-04-28 13:24:41 TRACE FlightMissionFactory - creation was completed
2021-04-28 13:24:41 TRACE FlightMissionFactory - creation of FlightMission object 
2021-04-28 13:24:41 TRACE FlightMissionFactory - creation was completed
2021-04-28 13:25:36 TRACE FlightMissionFactory - creation of FlightMission object 
2021-04-28 13:25:36 TRACE FlightMissionFactory - creation was completed
2021-04-28 13:25:36 TRACE FlightMissionFactory - creation of FlightMission object 
2021-04-28 13:25:36 TRACE FlightMissionFactory - creation was completed
2021-04-28 13:25:36 TRACE FlightMissionFactory - creation of FlightMission object 
2021-04-28 13:25:36 TRACE FlightMissionFactory - creation was completed
2021-04-28 13:25:36 TRACE FlightMissionFactory - creation of FlightMission object 
2021-04-28 13:25:36 TRACE FlightMissionFactory - creation was completed
2021-04-28 13:25:36 TRACE FlightMissionFactory - creation of FlightMission object 
2021-04-28 13:25:36 TRACE FlightMissionFactory - creation was completed
